{"name": "Login to eSuite Successfully", "status": "broken", "statusDetails": {"message": "selenium.common.exceptions.NoSuchElementException: Message: no such element: Unable to locate element: {\"method\":\"xpath\",\"selector\":\"//*[@class='text-md text-gray-400']\"}\n  (Session info: chrome=140.0.7339.207); For documentation on this error, please visit: https://www.selenium.dev/documentation/webdriver/troubleshooting/errors#nosuchelementexception\nStacktrace:\n\tGetHandleVerifier [0x0xc7c333+65459]\n\tGetHandleVerifier [0x0xc7c374+65524]\n\t(No symbol) [0x0xa9d973]\n\t(No symbol) [0x0xae76e7]\n\t(No symbol) [0x0xae7a8b]\n\t(No symbol) [0x0xb2dea2]\n\t(No symbol) [0x0xb09e44]\n\t(No symbol) [0x0xb2b606]\n\t(No symbol) [0x0xb09bf6]\n\t(No symbol) [0x0xadb38e]\n\t(No symbol) [0x0xadc274]\n\tGetHandleVerifier [0x0xefeda3+2697763]\n\tGetHandleVerifier [0x0xef9ec7+2677575]\n\tGetHandleVerifier [0x0xca4194+228884]\n\tGetHandleVerifier [0x0xc949f8+165496]\n\tGetHandleVerifier [0x0xc9b18d+192013]\n\tGetHandleVerifier [0x0xc847d8+99416]\n\tGetHandleVerifier [0x0xc84972+99826]\n\tGetHandleVerifier [0x0xc6ebea+10346]\n\tBaseThreadInitThunk [0x0x76b1fcc9+25]\n\tRtlGetAppContainerNamedObjectPath [0x0x776982ae+286]\n\tRtlGetAppContainerNamedObjectPath [0x0x7769827e+238]", "trace": "driver = <selenium.webdriver.chrome.webdriver.WebDriver (session=\"04370ce7d35139bc2da4626595e4ff87\")>\n\n>   ???\n\nD:\\Documents\\SeleniumProject\\eDotAutomationProject\\web\\testCases\\test_login.py:32: \n_ _ _ _ _ _ _ _ _ _ _ _ _ _ _ _ _ _ _ _ _ _ _ _ _ _ _ _ _ _ _ _ _ _ _ _ _ _ _ _ _ _ _ _ _ _ _ _ _ _ _ _ _ _ _ _ _ _ _ _ _ _ _ _ _ _ _ _ _ _ _ \nweb\\pages\\dashboard_page.py:9: in check_dashboard_welcome\n    assert self.driver.find_element(*self.dashboard_welcome).is_displayed(), \"Dashboard should be displayed after login\"\n           ^^^^^^^^^^^^^^^^^^^^^^^^^^^^^^^^^^^^^^^^^^^^^^^^^\n.venv\\Lib\\site-packages\\selenium\\webdriver\\remote\\webdriver.py:926: in find_element\n    return self.execute(Command.FIND_ELEMENT, {\"using\": by, \"value\": value})[\"value\"]\n           ^^^^^^^^^^^^^^^^^^^^^^^^^^^^^^^^^^^^^^^^^^^^^^^^^^^^^^^^^^^^^^^^^\n.venv\\Lib\\site-packages\\selenium\\webdriver\\remote\\webdriver.py:458: in execute\n    self.error_handler.check_response(response)\n_ _ _ _ _ _ _ _ _ _ _ _ _ _ _ _ _ _ _ _ _ _ _ _ _ _ _ _ _ _ _ _ _ _ _ _ _ _ _ _ _ _ _ _ _ _ _ _ _ _ _ _ _ _ _ _ _ _ _ _ _ _ _ _ _ _ _ _ _ _ _ \n\nself = <selenium.webdriver.remote.errorhandler.ErrorHandler object at 0x000002C0CF966120>\nresponse = {'status': 404, 'value': '{\"value\":{\"error\":\"no such element\",\"message\":\"no such element: Unable to locate element: {\\...tRtlGetAppContainerNamedObjectPath [0x0x776982ae+286]\\\\n\\\\tRtlGetAppContainerNamedObjectPath [0x0x7769827e+238]\\\\n\"}}'}\n\n    def check_response(self, response: dict[str, Any]) -> None:\n        \"\"\"Checks that a JSON response from the WebDriver does not have an\n        error.\n    \n        :Args:\n         - response - The JSON response from the WebDriver server as a dictionary\n           object.\n    \n        :Raises: If the response contains an error message.\n        \"\"\"\n        status = response.get(\"status\", None)\n        if not status or status == ErrorCode.SUCCESS:\n            return\n        value = None\n        message = response.get(\"message\", \"\")\n        screen: str = response.get(\"screen\", \"\")\n        stacktrace = None\n        if isinstance(status, int):\n            value_json = response.get(\"value\", None)\n            if value_json and isinstance(value_json, str):\n                try:\n                    value = json.loads(value_json)\n                    if isinstance(value, dict):\n                        if len(value) == 1:\n                            value = value[\"value\"]\n                        status = value.get(\"error\", None)\n                        if not status:\n                            status = value.get(\"status\", ErrorCode.UNKNOWN_ERROR)\n                            message = value.get(\"value\") or value.get(\"message\")\n                            if not isinstance(message, str):\n                                value = message\n                                message = message.get(\"message\")\n                        else:\n                            message = value.get(\"message\", None)\n                except ValueError:\n                    pass\n    \n        exception_class: type[WebDriverException]\n        e = ErrorCode()\n        error_codes = [item for item in dir(e) if not item.startswith(\"__\")]\n        for error_code in error_codes:\n            error_info = getattr(ErrorCode, error_code)\n            if isinstance(error_info, list) and status in error_info:\n                exception_class = getattr(ExceptionMapping, error_code, WebDriverException)\n                break\n        else:\n            exception_class = WebDriverException\n    \n        if not value:\n            value = response[\"value\"]\n        if isinstance(value, str):\n            raise exception_class(value)\n        if message == \"\" and \"message\" in value:\n            message = value[\"message\"]\n    \n        screen = None  # type: ignore[assignment]\n        if \"screen\" in value:\n            screen = value[\"screen\"]\n    \n        stacktrace = None\n        st_value = value.get(\"stackTrace\") or value.get(\"stacktrace\")\n        if st_value:\n            if isinstance(st_value, str):\n                stacktrace = st_value.split(\"\\n\")\n            else:\n                stacktrace = []\n                try:\n                    for frame in st_value:\n                        line = frame.get(\"lineNumber\", \"\")\n                        file = frame.get(\"fileName\", \"<anonymous>\")\n                        if line:\n                            file = f\"{file}:{line}\"\n                        meth = frame.get(\"methodName\", \"<anonymous>\")\n                        if \"className\" in frame:\n                            meth = f\"{frame['className']}.{meth}\"\n                        msg = \"    at %s (%s)\"\n                        msg = msg % (meth, file)\n                        stacktrace.append(msg)\n                except TypeError:\n                    pass\n        if exception_class == UnexpectedAlertPresentException:\n            alert_text = None\n            if \"data\" in value:\n                alert_text = value[\"data\"].get(\"text\")\n            elif \"alert\" in value:\n                alert_text = value[\"alert\"].get(\"text\")\n            raise exception_class(message, screen, stacktrace, alert_text)  # type: ignore[call-arg]  # mypy is not smart enough here\n>       raise exception_class(message, screen, stacktrace)\nE       selenium.common.exceptions.NoSuchElementException: Message: no such element: Unable to locate element: {\"method\":\"xpath\",\"selector\":\"//*[@class='text-md text-gray-400']\"}\nE         (Session info: chrome=140.0.7339.207); For documentation on this error, please visit: https://www.selenium.dev/documentation/webdriver/troubleshooting/errors#nosuchelementexception\nE       Stacktrace:\nE       \tGetHandleVerifier [0x0xc7c333+65459]\nE       \tGetHandleVerifier [0x0xc7c374+65524]\nE       \t(No symbol) [0x0xa9d973]\nE       \t(No symbol) [0x0xae76e7]\nE       \t(No symbol) [0x0xae7a8b]\nE       \t(No symbol) [0x0xb2dea2]\nE       \t(No symbol) [0x0xb09e44]\nE       \t(No symbol) [0x0xb2b606]\nE       \t(No symbol) [0x0xb09bf6]\nE       \t(No symbol) [0x0xadb38e]\nE       \t(No symbol) [0x0xadc274]\nE       \tGetHandleVerifier [0x0xefeda3+2697763]\nE       \tGetHandleVerifier [0x0xef9ec7+2677575]\nE       \tGetHandleVerifier [0x0xca4194+228884]\nE       \tGetHandleVerifier [0x0xc949f8+165496]\nE       \tGetHandleVerifier [0x0xc9b18d+192013]\nE       \tGetHandleVerifier [0x0xc847d8+99416]\nE       \tGetHandleVerifier [0x0xc84972+99826]\nE       \tGetHandleVerifier [0x0xc6ebea+10346]\nE       \tBaseThreadInitThunk [0x0x76b1fcc9+25]\nE       \tRtlGetAppContainerNamedObjectPath [0x0x776982ae+286]\nE       \tRtlGetAppContainerNamedObjectPath [0x0x7769827e+238]\n\n.venv\\Lib\\site-packages\\selenium\\webdriver\\remote\\errorhandler.py:232: NoSuchElementException"}, "start": 1759331822123, "stop": 1759331906619, "uuid": "3352fef3-de82-4c9c-aaf9-87905776777e", "historyId": "4d28e99b10cc8b79d26e6b8a1ff1935b", "testCaseId": "4d28e99b10cc8b79d26e6b8a1ff1935b", "fullName": "web.tests.test_login#test_login_success", "labels": [{"name": "parentSuite", "value": "web.tests"}, {"name": "suite", "value": "test_login"}, {"name": "host", "value": "DESKTOP-M9M2I3E"}, {"name": "thread", "value": "16336-MainThread"}, {"name": "framework", "value": "pytest"}, {"name": "language", "value": "cpython3"}, {"name": "package", "value": "web.tests.test_login"}], "titlePath": ["web", "tests", "test_login.py"]}